-------------------------------------------------------------------------------
Test set: guru.springframework.msscbeerservice.MsscBeerServiceApplicationTests
-------------------------------------------------------------------------------
Tests run: 1, Failures: 0, Errors: 1, Skipped: 0, Time elapsed: 4.064 s <<< FAILURE! - in guru.springframework.msscbeerservice.MsscBeerServiceApplicationTests
contextLoads  Time elapsed: 0.01 s  <<< ERROR!
java.util.ServiceConfigurationError: com.fasterxml.jackson.databind.Module: com.fasterxml.jackson.datatype.jsr310.JavaTimeModule Unable to get public no-arg constructor
Caused by: java.lang.NoClassDefFoundError: com/fasterxml/jackson/databind/ser/std/ToStringSerializerBase
Caused by: java.lang.ClassNotFoundException: com.fasterxml.jackson.databind.ser.std.ToStringSerializerBase

