<?xml version="1.0" encoding="UTF-8"?>
<testsuite xmlns:xsi="http://www.w3.org/2001/XMLSchema-instance" xsi:noNamespaceSchemaLocation="https://maven.apache.org/surefire/maven-surefire-plugin/xsd/surefire-test-report.xsd" name="guru.springframework.msscbeerservice.web.controller.BeerControllerTest" time="0.141" tests="3" errors="3" skipped="0" failures="0">
  <properties>
[...]
</properties>
  <testcase name="updateBeerById" classname="guru.springframework.msscbeerservice.web.controller.BeerControllerTest" time="0.001">
    <error message="Failed to load ApplicationContext" type="java.lang.IllegalStateException">java.lang.IllegalStateException: Failed to load ApplicationContext
Caused by: java.lang.IllegalStateException: 
Logback configuration error detected: 
ERROR in ch.qos.logback.core.joran.action.NestedComplexPropertyIA - Could not create component [encoder] of type [net.logstash.logback.encoder.LoggingEventCompositeJsonEncoder] java.lang.ClassNotFoundException: net.logstash.logback.encoder.LoggingEventCompositeJsonEncoder
ERROR in ch.qos.logback.core.joran.spi.Interpreter@14:24 - no applicable action for [providers], current ElementPath  is [[configuration][appender][encoder][providers]]
ERROR in ch.qos.logback.core.joran.spi.Interpreter@15:28 - no applicable action for [timestamp], current ElementPath  is [[configuration][appender][encoder][providers][timestamp]]
ERROR in ch.qos.logback.core.joran.spi.Interpreter@16:31 - no applicable action for [timeZone], current ElementPath  is [[configuration][appender][encoder][providers][timestamp][timeZone]]
ERROR in ch.qos.logback.core.joran.spi.Interpreter@18:27 - no applicable action for [version], current ElementPath  is [[configuration][appender][encoder][providers][version]]
ERROR in ch.qos.logback.core.joran.spi.Interpreter@19:28 - no applicable action for [logLevel], current ElementPath  is [[configuration][appender][encoder][providers][logLevel]]
ERROR in ch.qos.logback.core.joran.spi.Interpreter@20:27 - no applicable action for [message], current ElementPath  is [[configuration][appender][encoder][providers][message]]
ERROR in ch.qos.logback.core.joran.spi.Interpreter@21:30 - no applicable action for [loggerName], current ElementPath  is [[configuration][appender][encoder][providers][loggerName]]
ERROR in ch.qos.logback.core.joran.spi.Interpreter@22:30 - no applicable action for [threadName], current ElementPath  is [[configuration][appender][encoder][providers][threadName]]
ERROR in ch.qos.logback.core.joran.action.NestedComplexPropertyIA - Could not find an appropriate class for property [context]
ERROR in ch.qos.logback.core.joran.spi.Interpreter@24:26 - no applicable action for [pattern], current ElementPath  is [[configuration][appender][encoder][providers][pattern]]
ERROR in ch.qos.logback.core.joran.spi.Interpreter@25:38 - no applicable action for [omitEmptyFields], current ElementPath  is [[configuration][appender][encoder][providers][pattern][omitEmptyFields]]
ERROR in ch.qos.logback.core.joran.spi.Interpreter@26:30 - no applicable action for [pattern], current ElementPath  is [[configuration][appender][encoder][providers][pattern][pattern]]
ERROR in ch.qos.logback.core.ConsoleAppender[jsonConsole] - No encoder set for the appender named "jsonConsole".
</error>
  </testcase>
  <testcase name="saveNewBeer" classname="guru.springframework.msscbeerservice.web.controller.BeerControllerTest" time="0.001">
    <error message="Failed to load ApplicationContext" type="java.lang.IllegalStateException">java.lang.IllegalStateException: Failed to load ApplicationContext
Caused by: java.lang.IllegalStateException: 
Logback configuration error detected: 
ERROR in ch.qos.logback.core.joran.action.NestedComplexPropertyIA - Could not create component [encoder] of type [net.logstash.logback.encoder.LoggingEventCompositeJsonEncoder] java.lang.ClassNotFoundException: net.logstash.logback.encoder.LoggingEventCompositeJsonEncoder
ERROR in ch.qos.logback.core.joran.spi.Interpreter@14:24 - no applicable action for [providers], current ElementPath  is [[configuration][appender][encoder][providers]]
ERROR in ch.qos.logback.core.joran.spi.Interpreter@15:28 - no applicable action for [timestamp], current ElementPath  is [[configuration][appender][encoder][providers][timestamp]]
ERROR in ch.qos.logback.core.joran.spi.Interpreter@16:31 - no applicable action for [timeZone], current ElementPath  is [[configuration][appender][encoder][providers][timestamp][timeZone]]
ERROR in ch.qos.logback.core.joran.spi.Interpreter@18:27 - no applicable action for [version], current ElementPath  is [[configuration][appender][encoder][providers][version]]
ERROR in ch.qos.logback.core.joran.spi.Interpreter@19:28 - no applicable action for [logLevel], current ElementPath  is [[configuration][appender][encoder][providers][logLevel]]
ERROR in ch.qos.logback.core.joran.spi.Interpreter@20:27 - no applicable action for [message], current ElementPath  is [[configuration][appender][encoder][providers][message]]
ERROR in ch.qos.logback.core.joran.spi.Interpreter@21:30 - no applicable action for [loggerName], current ElementPath  is [[configuration][appender][encoder][providers][loggerName]]
ERROR in ch.qos.logback.core.joran.spi.Interpreter@22:30 - no applicable action for [threadName], current ElementPath  is [[configuration][appender][encoder][providers][threadName]]
ERROR in ch.qos.logback.core.joran.action.NestedComplexPropertyIA - Could not find an appropriate class for property [context]
ERROR in ch.qos.logback.core.joran.spi.Interpreter@24:26 - no applicable action for [pattern], current ElementPath  is [[configuration][appender][encoder][providers][pattern]]
ERROR in ch.qos.logback.core.joran.spi.Interpreter@25:38 - no applicable action for [omitEmptyFields], current ElementPath  is [[configuration][appender][encoder][providers][pattern][omitEmptyFields]]
ERROR in ch.qos.logback.core.joran.spi.Interpreter@26:30 - no applicable action for [pattern], current ElementPath  is [[configuration][appender][encoder][providers][pattern][pattern]]
ERROR in ch.qos.logback.core.ConsoleAppender[jsonConsole] - No encoder set for the appender named "jsonConsole".
</error>
  </testcase>
  <testcase name="getBeerById" classname="guru.springframework.msscbeerservice.web.controller.BeerControllerTest" time="0.001">
    <error message="Failed to load ApplicationContext" type="java.lang.IllegalStateException">java.lang.IllegalStateException: Failed to load ApplicationContext
Caused by: java.lang.IllegalStateException: 
Logback configuration error detected: 
ERROR in ch.qos.logback.core.joran.action.NestedComplexPropertyIA - Could not create component [encoder] of type [net.logstash.logback.encoder.LoggingEventCompositeJsonEncoder] java.lang.ClassNotFoundException: net.logstash.logback.encoder.LoggingEventCompositeJsonEncoder
ERROR in ch.qos.logback.core.joran.spi.Interpreter@14:24 - no applicable action for [providers], current ElementPath  is [[configuration][appender][encoder][providers]]
ERROR in ch.qos.logback.core.joran.spi.Interpreter@15:28 - no applicable action for [timestamp], current ElementPath  is [[configuration][appender][encoder][providers][timestamp]]
ERROR in ch.qos.logback.core.joran.spi.Interpreter@16:31 - no applicable action for [timeZone], current ElementPath  is [[configuration][appender][encoder][providers][timestamp][timeZone]]
ERROR in ch.qos.logback.core.joran.spi.Interpreter@18:27 - no applicable action for [version], current ElementPath  is [[configuration][appender][encoder][providers][version]]
ERROR in ch.qos.logback.core.joran.spi.Interpreter@19:28 - no applicable action for [logLevel], current ElementPath  is [[configuration][appender][encoder][providers][logLevel]]
ERROR in ch.qos.logback.core.joran.spi.Interpreter@20:27 - no applicable action for [message], current ElementPath  is [[configuration][appender][encoder][providers][message]]
ERROR in ch.qos.logback.core.joran.spi.Interpreter@21:30 - no applicable action for [loggerName], current ElementPath  is [[configuration][appender][encoder][providers][loggerName]]
ERROR in ch.qos.logback.core.joran.spi.Interpreter@22:30 - no applicable action for [threadName], current ElementPath  is [[configuration][appender][encoder][providers][threadName]]
ERROR in ch.qos.logback.core.joran.action.NestedComplexPropertyIA - Could not find an appropriate class for property [context]
ERROR in ch.qos.logback.core.joran.spi.Interpreter@24:26 - no applicable action for [pattern], current ElementPath  is [[configuration][appender][encoder][providers][pattern]]
ERROR in ch.qos.logback.core.joran.spi.Interpreter@25:38 - no applicable action for [omitEmptyFields], current ElementPath  is [[configuration][appender][encoder][providers][pattern][omitEmptyFields]]
ERROR in ch.qos.logback.core.joran.spi.Interpreter@26:30 - no applicable action for [pattern], current ElementPath  is [[configuration][appender][encoder][providers][pattern][pattern]]
ERROR in ch.qos.logback.core.ConsoleAppender[jsonConsole] - No encoder set for the appender named "jsonConsole".
</error>
  </testcase>
</testsuite>